Checking test execution result...
[!] Test execution result: FAILED
Checking source code format...
  Preparing source code for format check...
  Running format check...
// =====================================================
//  Running cargo fmt...
// =====================================================

error: expected expression, found `?`
  --> /home/runner/work/rustlings-zaychyk/rustlings-zaychyk/format_check/src/lib.rs:23:38
   |
23 |     let mut ret: Box<Foo> = unsafe { ??? };
   |                                      ^ expected expression


// =====================================================
//    Running cargo clippy...
// =====================================================

    Checking format_check v0.1.0 (/home/runner/work/rustlings-zaychyk/rustlings-zaychyk/format_check)
error: expected expression, found `?`
  --> src/lib.rs:23:38
   |
23 |     let mut ret: Box<Foo> = unsafe { ??? };
   |                                      ^ expected expression

error: could not compile `format_check` (lib) due to 1 previous error

[!] Source code format check: FAILED
