Checking test execution result...
[!] Test execution result: FAILED
Checking source code format...
  Preparing source code for format check...
  Running format check...
// =====================================================
//  Running cargo fmt...
// =====================================================

error: expected identifier, found `>`
  --> /home/runner/work/rustlings-zaychyk/rustlings-zaychyk/format_check/src/lib.rs:12:33
   |
12 |     let mut shopping_list: Vec<?> = Vec::new();
   |                          -      ^ expected identifier
   |                          |
   |                          while parsing the type for the binding


// =====================================================
//    Running cargo clippy...
// =====================================================

    Checking format_check v0.1.0 (/home/runner/work/rustlings-zaychyk/rustlings-zaychyk/format_check)
error: expected identifier, found `>`
  --> src/lib.rs:12:33
   |
12 |     let mut shopping_list: Vec<?> = Vec::new();
   |                          -      ^ expected identifier
   |                          |
   |                          while parsing the type for the binding

error: could not compile `format_check` (lib) due to 1 previous error

[!] Source code format check: FAILED
