Checking test execution result...
[!] Test execution result: FAILED
Checking source code format...
  Preparing source code for format check...
  Running format check...
// =====================================================
//  Running cargo fmt...
// =====================================================

error: expected identifier, found `?`
  --> /home/runner/work/rustlings-zaychyk/rustlings-zaychyk/format_check/src/lib.rs:14:5
   |
14 | use ???
   |     ^ expected identifier


// =====================================================
//    Running cargo clippy...
// =====================================================

    Checking format_check v0.1.0 (/home/runner/work/rustlings-zaychyk/rustlings-zaychyk/format_check)
error: expected identifier, found `?`
  --> src/lib.rs:14:5
   |
14 | use ???
   |     ^ expected identifier

error: could not compile `format_check` (lib) due to 1 previous error

[!] Source code format check: FAILED
