Checking test execution result...
[!] Test execution result: FAILED
Checking source code format...
  Preparing source code for format check...
  Running format check...
// =====================================================
//  Running cargo fmt...
// =====================================================

// =====================================================
//    Running cargo clippy...
// =====================================================

    Checking format_check v0.1.0 (/home/runner/work/rustlings-zaychyk/rustlings-zaychyk/format_check)
error[E0106]: missing lifetime specifier
  --> src/lib.rs:13:33
   |
13 | fn longest(x: &str, y: &str) -> &str {
   |               ----     ----     ^ expected named lifetime parameter
   |
   = help: this function's return type contains a borrowed value, but the signature does not say whether it is borrowed from `x` or `y`
help: consider introducing a named lifetime parameter
   |
13 | fn longest<'a>(x: &'a str, y: &'a str) -> &'a str {
   |           ++++     ++          ++          ++

For more information about this error, try `rustc --explain E0106`.
error: could not compile `format_check` (lib) due to 1 previous error

[!] Source code format check: FAILED
