Checking test execution result...
[!] Test execution result: FAILED
Checking source code format...
  Preparing source code for format check...
  Running format check...
// =====================================================
//  Running cargo fmt...
// =====================================================

// =====================================================
//    Running cargo clippy...
// =====================================================

    Checking format_check v0.1.0 (/home/runner/work/rustlings-zaychyk/rustlings-zaychyk/format_check)
error[E0603]: function `make_sausage` is private
  --> src/lib.rs:21:22
   |
21 |     sausage_factory::make_sausage();
   |                      ^^^^^^^^^^^^ private function
   |
note: the function `make_sausage` is defined here
  --> src/lib.rs:14:5
   |
14 |     fn make_sausage() {
   |     ^^^^^^^^^^^^^^^^^

For more information about this error, try `rustc --explain E0603`.
error: could not compile `format_check` (lib) due to 1 previous error

[!] Source code format check: FAILED
