Checking test execution result...
[!] Test execution result: FAILED
Checking source code format...
  Preparing source code for format check...
  Running format check...
// =====================================================
//  Running cargo fmt...
// =====================================================

// =====================================================
//    Running cargo clippy...
// =====================================================

    Checking format_check v0.1.0 (/home/runner/work/rustlings-zaychyk/rustlings-zaychyk/format_check)
error: cannot find macro `my_macro` in this scope
  --> src/lib.rs:9:5
   |
9  |     my_macro!();
   |     ^^^^^^^^ consider moving the definition of `my_macro` before this call
   |
note: a macro with the same name exists, but it appears later at here
  --> src/lib.rs:12:14
   |
12 | macro_rules! my_macro {
   |              ^^^^^^^^

warning: unused macro definition: `my_macro`
  --> src/lib.rs:12:14
   |
12 | macro_rules! my_macro {
   |              ^^^^^^^^
   |
   = note: `#[warn(unused_macros)]` on by default

warning: `format_check` (lib) generated 1 warning
error: could not compile `format_check` (lib) due to 1 previous error; 1 warning emitted

[!] Source code format check: FAILED
